<?xml version="1.0" encoding="UTF-8"?>
<robot generator="Robot 4.1.2 (Python 3.10.0 on win32)" generated="20220113 16:57:06.384" rpa="false" schemaversion="2">
<suite id="s1" name="InicioSesionIncorrecto" source="C:\xampp\htdocs\v2.0.2\acciones\ReponerYA\InicioSesion\IniciodeSesionIncorrecto\InicioSesionIncorrecto.robot">
<test id="s1-t1" name="Ingresar a la pagina a probar">
<kw name="Open Browser" library="SeleniumLibrary">
<arg>${pagina}</arg>
<arg>${navegador}</arg>
<doc>Opens a new browser instance to the optional ``url``.</doc>
<msg timestamp="20220113 16:57:06.967" level="INFO">Opening browser 'Chrome' to base url 'https://reponerya.com.uy/login'.</msg>
<status status="PASS" starttime="20220113 16:57:06.967" endtime="20220113 16:57:12.491"/>
</kw>
<kw name="Sleep" library="BuiltIn">
<arg>3s</arg>
<doc>Pauses the test executed for the given time.</doc>
<msg timestamp="20220113 16:57:15.505" level="INFO">Slept 3 seconds</msg>
<status status="PASS" starttime="20220113 16:57:12.491" endtime="20220113 16:57:15.505"/>
</kw>
<status status="PASS" starttime="20220113 16:57:06.966" endtime="20220113 16:57:15.505"/>
</test>
<test id="s1-t2" name="Escribir Usuario">
<kw name="Input Text" library="SeleniumLibrary">
<arg>id=input-36</arg>
<arg>${Usuario}</arg>
<doc>Types the given ``text`` into the text field identified by ``locator``.</doc>
<msg timestamp="20220113 16:57:15.508" level="INFO">Typing text 'barbarareponera@gmail.com' into text field 'id=input-36'.</msg>
<status status="PASS" starttime="20220113 16:57:15.507" endtime="20220113 16:57:16.000"/>
</kw>
<kw name="Sleep" library="BuiltIn">
<arg>1s</arg>
<doc>Pauses the test executed for the given time.</doc>
<msg timestamp="20220113 16:57:17.014" level="INFO">Slept 1 second</msg>
<status status="PASS" starttime="20220113 16:57:16.000" endtime="20220113 16:57:17.014"/>
</kw>
<status status="PASS" starttime="20220113 16:57:15.506" endtime="20220113 16:57:17.014"/>
</test>
<test id="s1-t3" name="Escribir Contrasena">
<kw name="Input Text" library="SeleniumLibrary">
<arg>xpath://*[@id="input-40"]</arg>
<arg>${Contrasena}</arg>
<doc>Types the given ``text`` into the text field identified by ``locator``.</doc>
<msg timestamp="20220113 16:57:17.016" level="INFO">Typing text 'Pwst12345' into text field 'xpath://*[@id="input-40"]'.</msg>
<status status="PASS" starttime="20220113 16:57:17.015" endtime="20220113 16:57:17.214"/>
</kw>
<kw name="Sleep" library="BuiltIn">
<arg>1s</arg>
<doc>Pauses the test executed for the given time.</doc>
<msg timestamp="20220113 16:57:18.217" level="INFO">Slept 1 second</msg>
<status status="PASS" starttime="20220113 16:57:17.214" endtime="20220113 16:57:18.217"/>
</kw>
<status status="PASS" starttime="20220113 16:57:17.015" endtime="20220113 16:57:18.217"/>
</test>
<test id="s1-t4" name="Click en Ingresar">
<kw name="Click Element" library="SeleniumLibrary">
<arg>${bingresar}</arg>
<doc>Click the element identified by ``locator``.</doc>
<msg timestamp="20220113 16:57:18.219" level="INFO">Clicking element 'xpath://*[@id="app"]/div/main/div/div[2]/div[3]/div[1]/form/button/span'.</msg>
<status status="PASS" starttime="20220113 16:57:18.219" endtime="20220113 16:57:18.310"/>
</kw>
<kw name="Sleep" library="BuiltIn">
<arg>2s</arg>
<doc>Pauses the test executed for the given time.</doc>
<msg timestamp="20220113 16:57:20.313" level="INFO">Slept 2 seconds</msg>
<status status="PASS" starttime="20220113 16:57:18.310" endtime="20220113 16:57:20.313"/>
</kw>
<status status="PASS" starttime="20220113 16:57:18.218" endtime="20220113 16:57:20.313"/>
</test>
<test id="s1-t5" name="Verificar el error">
<kw name="Wait Until Page Contains" library="SeleniumLibrary">
<arg>Datos de sesión incorrectos</arg>
<doc>Waits until ``text`` appears on the current page.</doc>
<status status="PASS" starttime="20220113 16:57:20.315" endtime="20220113 16:57:20.331"/>
</kw>
<kw name="Sleep" library="BuiltIn">
<arg>5s</arg>
<doc>Pauses the test executed for the given time.</doc>
<msg timestamp="20220113 16:57:25.341" level="INFO">Slept 5 seconds</msg>
<status status="PASS" starttime="20220113 16:57:20.331" endtime="20220113 16:57:25.342"/>
</kw>
<status status="PASS" starttime="20220113 16:57:20.314" endtime="20220113 16:57:25.343"/>
</test>
<test id="s1-t6" name="Cerrar pruebas">
<kw name="Close Browser" library="SeleniumLibrary">
<doc>Closes the current browser.</doc>
<status status="PASS" starttime="20220113 16:57:25.346" endtime="20220113 16:57:27.594"/>
</kw>
<status status="PASS" starttime="20220113 16:57:25.344" endtime="20220113 16:57:27.594"/>
</test>
<status status="PASS" starttime="20220113 16:57:06.388" endtime="20220113 16:57:27.597"/>
</suite>
<statistics>
<total>
<stat pass="6" fail="0" skip="0">All Tests</stat>
</total>
<tag>
</tag>
<suite>
<stat pass="6" fail="0" skip="0" id="s1" name="InicioSesionIncorrecto">InicioSesionIncorrecto</stat>
</suite>
</statistics>
<errors>
</errors>
</robot>
